Using pre-set license
Built from '2020.3/release' branch; Version is '2020.3.1f1 (77a89f25062f) revision 7841951'; Using compiler version '192528614'; Build Type 'Release'
OS: 'Windows 10 Pro; OS build 18363.657; Version 1909; 64bit' Language: 'sr' Physical Memory: 16332 MB
BatchMode: 1, IsHumanControllingUs: 0, StartBugReporterOnCrash: 0, Is64bit: 1, IsPro: 0

 COMMAND LINE ARGUMENTS:
E:\Unity\2020.3.1f1\Editor\Unity.exe
-adb2
-batchMode
-noUpm
-name
AssetImportWorker0
-projectPath
E:/oop/unity isprobavanje/Probni Projekat/TruckerLife
-logFile
Logs/AssetImportWorker0.log
-srvPort
50057
Successfully changed project path to: E:/oop/unity isprobavanje/Probni Projekat/TruckerLife
E:/oop/unity isprobavanje/Probni Projekat/TruckerLife
Using Asset Import Pipeline V2.
Refreshing native plugins compatible for Editor in 23.67 ms, found 0 plugins.
Preloading 0 native plugins for Editor in 0.00 ms.
Initialize engine version: 2020.3.1f1 (77a89f25062f)
[Subsystems] Discovering subsystems at path E:/Unity/2020.3.1f1/Editor/Data/Resources/UnitySubsystems
[Subsystems] Discovering subsystems at path E:/oop/unity isprobavanje/Probni Projekat/TruckerLife/Assets
GfxDevice: creating device client; threaded=0
Direct3D:
    Version:  Direct3D 11.0 [level 11.1]
    Renderer: NVIDIA GeForce RTX 2060 SUPER (ID=0x1f06)
    Vendor:   
    VRAM:     8031 MB
    Driver:   27.21.14.6589
Initialize mono
Mono path[0] = 'E:/Unity/2020.3.1f1/Editor/Data/Managed'
Mono path[1] = 'E:/Unity/2020.3.1f1/Editor/Data/MonoBleedingEdge/lib/mono/unityjit'
Mono config path = 'E:/Unity/2020.3.1f1/Editor/Data/MonoBleedingEdge/etc'
Using monoOptions --debugger-agent=transport=dt_socket,embedding=1,server=y,suspend=n,address=127.0.0.1:56352
Begin MonoManager ReloadAssembly
Registering precompiled unity dll's ...
Register platform support module: E:/Unity/2020.3.1f1/Editor/Data/PlaybackEngines/WindowsStandaloneSupport/UnityEditor.WindowsStandalone.Extensions.dll
Registered in 0.000913 seconds.
Native extension for WindowsStandalone target not found
Refreshing native plugins compatible for Editor in 25.22 ms, found 0 plugins.
Preloading 0 native plugins for Editor in 0.00 ms.
Invoked RoslynAnalysisRunner static constructor.
RoslynAnalysisRunner will not be running.
RoslynAnalysisRunner has terminated.
Mono: successfully reloaded assembly
- Completed reload, in  0.889 seconds
Platform modules already initialized, skipping
Registering precompiled user dll's ...
Registered in 0.000506 seconds.
Begin MonoManager ReloadAssembly
Native extension for WindowsStandalone target not found
Refreshing native plugins compatible for Editor in 0.19 ms, found 0 plugins.
Preloading 0 native plugins for Editor in 0.00 ms.
Invoked RoslynAnalysisRunner static constructor.
RoslynAnalysisRunner will not be running.
RoslynAnalysisRunner has terminated.
Mono: successfully reloaded assembly
- Completed reload, in  0.796 seconds
Platform modules already initialized, skipping
========================================================================
Worker process is ready to serve import requests
Launched and connected shader compiler UnityShaderCompiler.exe after 0.05 seconds
Refreshing native plugins compatible for Editor in 0.19 ms, found 0 plugins.
Preloading 0 native plugins for Editor in 0.00 ms.
Unloading 1148 Unused Serialized files (Serialized files now loaded: 0)
System memory in use before: 71.3 MB.
System memory in use after: 71.3 MB.

Unloading 10 unused Assets to reduce memory usage. Loaded Objects now: 1612.
Total: 1.688600 ms (FindLiveObjects: 0.130400 ms CreateObjectMapping: 0.029600 ms MarkObjects: 1.428100 ms  DeleteObjects: 0.099700 ms)

========================================================================
Received Import Request.
  path: Assets/Materials/Asfalt_Mat.mat
  artifactKey: Guid(380a06165c0876e44ad5f9b358a3469d) Importer(815301076,1909f56bfc062723c751e8b465ee728b)
Start importing Assets/Materials/Asfalt_Mat.mat using Guid(380a06165c0876e44ad5f9b358a3469d) Importer(815301076,1909f56bfc062723c751e8b465ee728b)  -> (artifact id: '14bb5f06d8e35ec4a733774375156ce0') in 0.097771 seconds
  Import took 0.099618 seconds .

========================================================================
Received Import Request.
  Time since last request: 116.683863 seconds.
  path: Assets/Textures/asfalt.jpg
  artifactKey: Guid(11910540202982042a0981772cc3db1d) Importer(815301076,1909f56bfc062723c751e8b465ee728b)
Start importing Assets/Textures/asfalt.jpg using Guid(11910540202982042a0981772cc3db1d) Importer(815301076,1909f56bfc062723c751e8b465ee728b)  -> (artifact id: 'be3324f45554ba78cd28d7a49bbd381f') in 0.041653 seconds
  Import took 0.043794 seconds .

========================================================================
Received Import Request.
  Time since last request: 0.000197 seconds.
  path: Assets/Textures/asfalt_normal.jpg
  artifactKey: Guid(138df34a672f73b4582c8f8e93a1e4bd) Importer(815301076,1909f56bfc062723c751e8b465ee728b)
Start importing Assets/Textures/asfalt_normal.jpg using Guid(138df34a672f73b4582c8f8e93a1e4bd) Importer(815301076,1909f56bfc062723c751e8b465ee728b)  -> (artifact id: '694c031e86171116291b60530debeb96') in 0.006607 seconds
  Import took 0.008263 seconds .

========================================================================
Received Import Request.
  Time since last request: 107.137174 seconds.
  path: Assets/Textures/asfalt_normal.jpg
  artifactKey: Guid(138df34a672f73b4582c8f8e93a1e4bd) Importer(815301076,1909f56bfc062723c751e8b465ee728b)
Start importing Assets/Textures/asfalt_normal.jpg using Guid(138df34a672f73b4582c8f8e93a1e4bd) Importer(815301076,1909f56bfc062723c751e8b465ee728b)  -> (artifact id: '15b195648a1ea47ae036a214be10d7a0') in 0.008090 seconds
  Import took 0.009967 seconds .

========================================================================
Received Import Request.
  Time since last request: 37.870877 seconds.
  path: Assets/Materials/asphalt_Mat.mat
  artifactKey: Guid(408352cc2e0ef1146a3e9cc704e1221d) Importer(815301076,1909f56bfc062723c751e8b465ee728b)
Start importing Assets/Materials/asphalt_Mat.mat using Guid(408352cc2e0ef1146a3e9cc704e1221d) Importer(815301076,1909f56bfc062723c751e8b465ee728b)  -> (artifact id: 'ed2ed4d2bb7e19803bea520dec9c9d5e') in 0.006825 seconds
  Import took 0.008634 seconds .

========================================================================
Received Import Request.
  Time since last request: 174.125276 seconds.
  path: Assets/Materials/NewLayer.terrainlayer
  artifactKey: Guid(13f219453ffe8534c93ccd1bb784ad91) Importer(815301076,1909f56bfc062723c751e8b465ee728b)
Start importing Assets/Materials/NewLayer.terrainlayer using Guid(13f219453ffe8534c93ccd1bb784ad91) Importer(815301076,1909f56bfc062723c751e8b465ee728b)  -> (artifact id: 'cbf86fe4634f824a1f0ad43c46c1e543') in 0.009781 seconds
  Import took 0.011690 seconds .

========================================================================
Received Import Request.
  Time since last request: 84.259459 seconds.
  path: Assets/Standard Assets/Vehicles/Car/Audio
  artifactKey: Guid(11e7758697cf03c48961cda812b164f1) Importer(815301076,1909f56bfc062723c751e8b465ee728b)
Start importing Assets/Standard Assets/Vehicles/Car/Audio using Guid(11e7758697cf03c48961cda812b164f1) Importer(815301076,1909f56bfc062723c751e8b465ee728b)  -> (artifact id: 'ca0c9d7b1eaf91bbb9d6e3f11e6f259d') in 0.001436 seconds
  Import took 0.003140 seconds .

========================================================================
Received Import Request.
  Time since last request: 0.047941 seconds.
  path: Assets/Standard Assets/Vehicles/Car/Audio/AccelerationHigh.wav
  artifactKey: Guid(03e3bd08a6e70684dbe299a3e185fdd2) Importer(815301076,1909f56bfc062723c751e8b465ee728b)
Start importing Assets/Standard Assets/Vehicles/Car/Audio/AccelerationHigh.wav using Guid(03e3bd08a6e70684dbe299a3e185fdd2) Importer(815301076,1909f56bfc062723c751e8b465ee728b)  -> (artifact id: '52d48f6a54341e0b0197141c8a7b61ba') in 0.014273 seconds
  Import took 0.016064 seconds .

========================================================================
Received Import Request.
  Time since last request: 0.000208 seconds.
  path: Assets/Standard Assets/Vehicles/Car/Audio/DecelerationLow.wav
  artifactKey: Guid(5699dddcce16c4543b95951c4ce0e092) Importer(815301076,1909f56bfc062723c751e8b465ee728b)
Start importing Assets/Standard Assets/Vehicles/Car/Audio/DecelerationLow.wav using Guid(5699dddcce16c4543b95951c4ce0e092) Importer(815301076,1909f56bfc062723c751e8b465ee728b)  -> (artifact id: '8c0ebe33a639366e31e24781333fc347') in 0.009006 seconds
  Import took 0.010644 seconds .

========================================================================
Received Import Request.
  Time since last request: 0.000246 seconds.
  path: Assets/Standard Assets/Vehicles/Car/Audio/DecelerationHigh.wav
  artifactKey: Guid(03bf91d88fce91c41995d27de63cc967) Importer(815301076,1909f56bfc062723c751e8b465ee728b)
Start importing Assets/Standard Assets/Vehicles/Car/Audio/DecelerationHigh.wav using Guid(03bf91d88fce91c41995d27de63cc967) Importer(815301076,1909f56bfc062723c751e8b465ee728b)  -> (artifact id: 'ccef918664a87b11de56e582bebeb67c') in 0.006827 seconds
  Import took 0.008412 seconds .

========================================================================
Received Import Request.
  Time since last request: 0.000208 seconds.
  path: Assets/Standard Assets/Vehicles/Car/Audio/AccelerationLow.wav
  artifactKey: Guid(c4d8928c75c21af43998193f0f038429) Importer(815301076,1909f56bfc062723c751e8b465ee728b)
Start importing Assets/Standard Assets/Vehicles/Car/Audio/AccelerationLow.wav using Guid(c4d8928c75c21af43998193f0f038429) Importer(815301076,1909f56bfc062723c751e8b465ee728b)  -> (artifact id: '380c860e048804f8f19e94111e62a856') in 0.011499 seconds
  Import took 0.013315 seconds .

========================================================================
Received Import Request.
  Time since last request: 0.000215 seconds.
  path: Assets/Standard Assets/Vehicles/Car/Audio/Skid.wav
  artifactKey: Guid(bd9566abdbf08834281bfb4ea8b92a5d) Importer(815301076,1909f56bfc062723c751e8b465ee728b)
Start importing Assets/Standard Assets/Vehicles/Car/Audio/Skid.wav using Guid(bd9566abdbf08834281bfb4ea8b92a5d) Importer(815301076,1909f56bfc062723c751e8b465ee728b)  -> (artifact id: '3804b61e862bc921d4f1d99895456b51') in 0.007771 seconds
  Import took 0.009553 seconds .

========================================================================
Received Prepare
Registering precompiled user dll's ...
Registered in 0.000463 seconds.
Begin MonoManager ReloadAssembly
Native extension for WindowsStandalone target not found
Refreshing native plugins compatible for Editor in 0.26 ms, found 0 plugins.
Preloading 0 native plugins for Editor in 0.00 ms.
Invoked RoslynAnalysisRunner static constructor.
RoslynAnalysisRunner will not be running.
RoslynAnalysisRunner has terminated.
Mono: successfully reloaded assembly
- Completed reload, in  0.717 seconds
Platform modules already initialized, skipping
Refreshing native plugins compatible for Editor in 0.19 ms, found 0 plugins.
Preloading 0 native plugins for Editor in 0.00 ms.
Unloading 1140 Unused Serialized files (Serialized files now loaded: 0)
System memory in use before: 74.4 MB.
System memory in use after: 74.5 MB.

Unloading 5 unused Assets to reduce memory usage. Loaded Objects now: 1662.
Total: 1.530500 ms (FindLiveObjects: 0.129100 ms CreateObjectMapping: 0.026100 ms MarkObjects: 1.305100 ms  DeleteObjects: 0.069400 ms)

========================================================================
Received Prepare
Registering precompiled user dll's ...
Registered in 0.000786 seconds.
Begin MonoManager ReloadAssembly
Native extension for WindowsStandalone target not found
Refreshing native plugins compatible for Editor in 0.20 ms, found 0 plugins.
Preloading 0 native plugins for Editor in 0.00 ms.
Invoked RoslynAnalysisRunner static constructor.
RoslynAnalysisRunner will not be running.
RoslynAnalysisRunner has terminated.
Mono: successfully reloaded assembly
- Completed reload, in  0.768 seconds
Platform modules already initialized, skipping
Refreshing native plugins compatible for Editor in 0.19 ms, found 0 plugins.
Preloading 0 native plugins for Editor in 0.00 ms.
Unloading 1140 Unused Serialized files (Serialized files now loaded: 0)
System memory in use before: 74.4 MB.
System memory in use after: 74.5 MB.

Unloading 5 unused Assets to reduce memory usage. Loaded Objects now: 1665.
Total: 1.707000 ms (FindLiveObjects: 0.150600 ms CreateObjectMapping: 0.027500 ms MarkObjects: 1.451700 ms  DeleteObjects: 0.076200 ms)

========================================================================
Received Prepare
Registering precompiled user dll's ...
Registered in 0.000498 seconds.
Begin MonoManager ReloadAssembly
Native extension for WindowsStandalone target not found
Refreshing native plugins compatible for Editor in 0.20 ms, found 0 plugins.
Preloading 0 native plugins for Editor in 0.00 ms.
Invoked RoslynAnalysisRunner static constructor.
RoslynAnalysisRunner will not be running.
RoslynAnalysisRunner has terminated.
Mono: successfully reloaded assembly
- Completed reload, in  0.739 seconds
Platform modules already initialized, skipping
Refreshing native plugins compatible for Editor in 0.19 ms, found 0 plugins.
Preloading 0 native plugins for Editor in 0.00 ms.
Unloading 1140 Unused Serialized files (Serialized files now loaded: 0)
System memory in use before: 74.5 MB.
System memory in use after: 74.5 MB.

Unloading 5 unused Assets to reduce memory usage. Loaded Objects now: 1668.
Total: 1.507000 ms (FindLiveObjects: 0.138700 ms CreateObjectMapping: 0.026200 ms MarkObjects: 1.273500 ms  DeleteObjects: 0.067700 ms)

========================================================================
Received Prepare
Registering precompiled user dll's ...
Registered in 0.000555 seconds.
Begin MonoManager ReloadAssembly
Native extension for WindowsStandalone target not found
Refreshing native plugins compatible for Editor in 0.29 ms, found 0 plugins.
Preloading 0 native plugins for Editor in 0.00 ms.
Invoked RoslynAnalysisRunner static constructor.
RoslynAnalysisRunner will not be running.
RoslynAnalysisRunner has terminated.
Mono: successfully reloaded assembly
- Completed reload, in  0.741 seconds
Platform modules already initialized, skipping
Refreshing native plugins compatible for Editor in 0.19 ms, found 0 plugins.
Preloading 0 native plugins for Editor in 0.00 ms.
Unloading 1140 Unused Serialized files (Serialized files now loaded: 0)
System memory in use before: 74.5 MB.
System memory in use after: 74.5 MB.

Unloading 5 unused Assets to reduce memory usage. Loaded Objects now: 1671.
Total: 1.522500 ms (FindLiveObjects: 0.137900 ms CreateObjectMapping: 0.026800 ms MarkObjects: 1.283600 ms  DeleteObjects: 0.073300 ms)

========================================================================
Received Prepare
Registering precompiled user dll's ...
Registered in 0.000453 seconds.
Begin MonoManager ReloadAssembly
Native extension for WindowsStandalone target not found
Refreshing native plugins compatible for Editor in 0.19 ms, found 0 plugins.
Preloading 0 native plugins for Editor in 0.00 ms.
Invoked RoslynAnalysisRunner static constructor.
RoslynAnalysisRunner will not be running.
RoslynAnalysisRunner has terminated.
Mono: successfully reloaded assembly
- Completed reload, in  0.722 seconds
Platform modules already initialized, skipping
Refreshing native plugins compatible for Editor in 0.19 ms, found 0 plugins.
Preloading 0 native plugins for Editor in 0.00 ms.
Unloading 1140 Unused Serialized files (Serialized files now loaded: 0)
System memory in use before: 74.5 MB.
System memory in use after: 74.6 MB.

Unloading 5 unused Assets to reduce memory usage. Loaded Objects now: 1674.
Total: 1.853500 ms (FindLiveObjects: 0.147300 ms CreateObjectMapping: 0.027400 ms MarkObjects: 1.588100 ms  DeleteObjects: 0.089300 ms)

========================================================================
Received Import Request.
  Time since last request: 15892.694523 seconds.
  path: Assets/New Terrain 1.asset
  artifactKey: Guid(0ed373f58c8d49e4f8a539a22ac74bd1) Importer(815301076,1909f56bfc062723c751e8b465ee728b)
Start importing Assets/New Terrain 1.asset using Guid(0ed373f58c8d49e4f8a539a22ac74bd1) Importer(815301076,1909f56bfc062723c751e8b465ee728b)  -> (artifact id: 'bd99eada8700f400eb35536a7a7a8281') in 0.076595 seconds
  Import took 0.102805 seconds .

========================================================================
Received Import Request.
  Time since last request: 39.649822 seconds.
  path: Assets/Scripts/CameraStable.cs
  artifactKey: Guid(14c7d210842bd5649b055f6fa673d9ba) Importer(815301076,1909f56bfc062723c751e8b465ee728b)
Start importing Assets/Scripts/CameraStable.cs using Guid(14c7d210842bd5649b055f6fa673d9ba) Importer(815301076,1909f56bfc062723c751e8b465ee728b)  -> (artifact id: '24ac1ba3f8fadc28b13f5d62dc95946a') in 0.007548 seconds
  Import took 0.009916 seconds .

========================================================================
Received Prepare
Registering precompiled user dll's ...
Registered in 0.000474 seconds.
Begin MonoManager ReloadAssembly
Native extension for WindowsStandalone target not found
Refreshing native plugins compatible for Editor in 0.19 ms, found 0 plugins.
Preloading 0 native plugins for Editor in 0.00 ms.
Invoked RoslynAnalysisRunner static constructor.
RoslynAnalysisRunner will not be running.
RoslynAnalysisRunner has terminated.
Mono: successfully reloaded assembly
- Completed reload, in  0.758 seconds
Platform modules already initialized, skipping
Refreshing native plugins compatible for Editor in 0.19 ms, found 0 plugins.
Preloading 0 native plugins for Editor in 0.00 ms.
Unloading 1141 Unused Serialized files (Serialized files now loaded: 0)
System memory in use before: 74.5 MB.
System memory in use after: 74.6 MB.

Unloading 5 unused Assets to reduce memory usage. Loaded Objects now: 1678.
Total: 1.823400 ms (FindLiveObjects: 0.217200 ms CreateObjectMapping: 0.033000 ms MarkObjects: 1.500300 ms  DeleteObjects: 0.071800 ms)

========================================================================
Received Prepare
Registering precompiled user dll's ...
Registered in 0.000485 seconds.
Begin MonoManager ReloadAssembly
Native extension for WindowsStandalone target not found
Refreshing native plugins compatible for Editor in 0.20 ms, found 0 plugins.
Preloading 0 native plugins for Editor in 0.00 ms.
Invoked RoslynAnalysisRunner static constructor.
RoslynAnalysisRunner will not be running.
RoslynAnalysisRunner has terminated.
Mono: successfully reloaded assembly
- Completed reload, in  0.722 seconds
Platform modules already initialized, skipping
Refreshing native plugins compatible for Editor in 0.19 ms, found 0 plugins.
Preloading 0 native plugins for Editor in 0.00 ms.
Unloading 1141 Unused Serialized files (Serialized files now loaded: 0)
System memory in use before: 74.5 MB.
System memory in use after: 74.6 MB.

Unloading 5 unused Assets to reduce memory usage. Loaded Objects now: 1681.
Total: 1.511900 ms (FindLiveObjects: 0.142100 ms CreateObjectMapping: 0.026400 ms MarkObjects: 1.273100 ms  DeleteObjects: 0.069500 ms)

========================================================================
Received Prepare
Registering precompiled user dll's ...
Registered in 0.000672 seconds.
Begin MonoManager ReloadAssembly
Native extension for WindowsStandalone target not found
Refreshing native plugins compatible for Editor in 0.19 ms, found 0 plugins.
Preloading 0 native plugins for Editor in 0.00 ms.
Invoked RoslynAnalysisRunner static constructor.
RoslynAnalysisRunner will not be running.
RoslynAnalysisRunner has terminated.
Mono: successfully reloaded assembly
- Completed reload, in  0.744 seconds
Platform modules already initialized, skipping
Refreshing native plugins compatible for Editor in 0.19 ms, found 0 plugins.
Preloading 0 native plugins for Editor in 0.00 ms.
Unloading 1141 Unused Serialized files (Serialized files now loaded: 0)
System memory in use before: 74.5 MB.
System memory in use after: 74.6 MB.

Unloading 5 unused Assets to reduce memory usage. Loaded Objects now: 1684.
Total: 1.529000 ms (FindLiveObjects: 0.147900 ms CreateObjectMapping: 0.030400 ms MarkObjects: 1.279600 ms  DeleteObjects: 0.070000 ms)

========================================================================
Received Prepare
Registering precompiled user dll's ...
Registered in 0.000660 seconds.
Begin MonoManager ReloadAssembly
Native extension for WindowsStandalone target not found
Refreshing native plugins compatible for Editor in 0.25 ms, found 0 plugins.
Preloading 0 native plugins for Editor in 0.00 ms.
Invoked RoslynAnalysisRunner static constructor.
RoslynAnalysisRunner will not be running.
RoslynAnalysisRunner has terminated.
Mono: successfully reloaded assembly
- Completed reload, in  0.727 seconds
Platform modules already initialized, skipping
Refreshing native plugins compatible for Editor in 0.19 ms, found 0 plugins.
Preloading 0 native plugins for Editor in 0.00 ms.
Unloading 1141 Unused Serialized files (Serialized files now loaded: 0)
System memory in use before: 74.5 MB.
System memory in use after: 74.6 MB.

Unloading 5 unused Assets to reduce memory usage. Loaded Objects now: 1687.
Total: 1.486400 ms (FindLiveObjects: 0.125700 ms CreateObjectMapping: 0.027000 ms MarkObjects: 1.264300 ms  DeleteObjects: 0.068700 ms)

========================================================================
Received Import Request.
  Time since last request: 2817.103315 seconds.
  path: Assets/Standard Assets/Vehicles/Car/Materials/ParticleBurnout.mat
  artifactKey: Guid(32314ba6cfa407640bffbb7b20708949) Importer(815301076,1909f56bfc062723c751e8b465ee728b)
Start importing Assets/Standard Assets/Vehicles/Car/Materials/ParticleBurnout.mat using Guid(32314ba6cfa407640bffbb7b20708949) Importer(815301076,1909f56bfc062723c751e8b465ee728b)  -> (artifact id: '5def284410abd6dd05950bb187adc2ba') in 0.102415 seconds
  Import took 0.104552 seconds .

========================================================================
Received Import Request.
  Time since last request: 0.000204 seconds.
  path: Assets/Standard Assets/Vehicles/Car/Materials/ParticleSmokeWhite.mat
  artifactKey: Guid(c617e7cbee0d2344a9b5e53116c43a2c) Importer(815301076,1909f56bfc062723c751e8b465ee728b)
Start importing Assets/Standard Assets/Vehicles/Car/Materials/ParticleSmokeWhite.mat using Guid(c617e7cbee0d2344a9b5e53116c43a2c) Importer(815301076,1909f56bfc062723c751e8b465ee728b)  -> (artifact id: '212c45596c14c855ba6ec393dc0bfc32') in 0.012686 seconds
  Import took 0.014456 seconds .

========================================================================
Received Import Request.
  Time since last request: 0.000237 seconds.
  path: Assets/Standard Assets/Vehicles/Car/Materials/SkyCarLightCoversGrey.mat
  artifactKey: Guid(bf5faaa3a8e23de45bf1350be2893dd7) Importer(815301076,1909f56bfc062723c751e8b465ee728b)
Start importing Assets/Standard Assets/Vehicles/Car/Materials/SkyCarLightCoversGrey.mat using Guid(bf5faaa3a8e23de45bf1350be2893dd7) Importer(815301076,1909f56bfc062723c751e8b465ee728b)  -> (artifact id: 'cd48053700f370ed3d5665ef0efd065c') in 0.015898 seconds
  Import took 0.018030 seconds .

========================================================================
Received Import Request.
  Time since last request: 0.000262 seconds.
  path: Assets/Standard Assets/Vehicles/Car/Materials/TrailSkid.mat
  artifactKey: Guid(f4dd0bba6decdd5418fd3d541ff5f7f0) Importer(815301076,1909f56bfc062723c751e8b465ee728b)
Start importing Assets/Standard Assets/Vehicles/Car/Materials/TrailSkid.mat using Guid(f4dd0bba6decdd5418fd3d541ff5f7f0) Importer(815301076,1909f56bfc062723c751e8b465ee728b)  -> (artifact id: '766635f3187be5a532829b653630929b') in 0.036383 seconds
  Import took 0.038660 seconds .

========================================================================
Received Import Request.
  Time since last request: 0.000257 seconds.
  path: Assets/Standard Assets/Vehicles/Car/Materials/SkyCarBodyGrey.mat
  artifactKey: Guid(d425c5c4cb38fd44f95b13e9f94575c2) Importer(815301076,1909f56bfc062723c751e8b465ee728b)
Start importing Assets/Standard Assets/Vehicles/Car/Materials/SkyCarBodyGrey.mat using Guid(d425c5c4cb38fd44f95b13e9f94575c2) Importer(815301076,1909f56bfc062723c751e8b465ee728b)  -> (artifact id: 'af65a7ec5353418e4262ec50c40d7fba') in 0.069934 seconds
  Import took 0.072071 seconds .

========================================================================
Received Import Request.
  Time since last request: 0.000212 seconds.
  path: Assets/Standard Assets/Vehicles/Car/Materials/SkyCarLightGlows.mat
  artifactKey: Guid(3682f7747d485db4586750a832808b31) Importer(815301076,1909f56bfc062723c751e8b465ee728b)
Start importing Assets/Standard Assets/Vehicles/Car/Materials/SkyCarLightGlows.mat using Guid(3682f7747d485db4586750a832808b31) Importer(815301076,1909f56bfc062723c751e8b465ee728b)  -> (artifact id: '1889a8de9eb4ef1943f5878980433c34') in 0.007911 seconds
  Import took 0.009886 seconds .

========================================================================
Received Import Request.
  Time since last request: 0.000249 seconds.
  path: Assets/Standard Assets/Vehicles/Car/Materials/SkyCarWheelWhite.mat
  artifactKey: Guid(6021947067b9d6c4bac8d9e085a71558) Importer(815301076,1909f56bfc062723c751e8b465ee728b)
Start importing Assets/Standard Assets/Vehicles/Car/Materials/SkyCarWheelWhite.mat using Guid(6021947067b9d6c4bac8d9e085a71558) Importer(815301076,1909f56bfc062723c751e8b465ee728b)  -> (artifact id: 'c51b768f1b9fdca97f9af0edd6ca8183') in 0.011174 seconds
  Import took 0.012965 seconds .

========================================================================
Received Import Request.
  Time since last request: 0.000249 seconds.
  path: Assets/Standard Assets/Vehicles/Car/Materials/SkyCarLightCoversWhite.mat
  artifactKey: Guid(bedcbcc4d577778478a5f01fe1415af1) Importer(815301076,1909f56bfc062723c751e8b465ee728b)
Start importing Assets/Standard Assets/Vehicles/Car/Materials/SkyCarLightCoversWhite.mat using Guid(bedcbcc4d577778478a5f01fe1415af1) Importer(815301076,1909f56bfc062723c751e8b465ee728b)  -> (artifact id: 'e74877d1d65fcc9ace08a2ca2df7b361') in 0.015452 seconds
  Import took 0.017318 seconds .

========================================================================
Received Import Request.
  Time since last request: 0.000277 seconds.
  path: Assets/Standard Assets/Vehicles/Car/Materials/SkyCarWheelGrey.mat
  artifactKey: Guid(965a4c3cf8f0acb408f15384c947b3fd) Importer(815301076,1909f56bfc062723c751e8b465ee728b)
Start importing Assets/Standard Assets/Vehicles/Car/Materials/SkyCarWheelGrey.mat using Guid(965a4c3cf8f0acb408f15384c947b3fd) Importer(815301076,1909f56bfc062723c751e8b465ee728b)  -> (artifact id: 'b61724b6ae1fd20ec4bc37fb9c1825fc') in 0.010684 seconds
  Import took 0.012589 seconds .

========================================================================
Received Import Request.
  Time since last request: 0.000230 seconds.
  path: Assets/Standard Assets/Vehicles/Car/Materials/SkyCarBodyWhite.mat
  artifactKey: Guid(6ec41f7c0e0d3fb40933551a4124b211) Importer(815301076,1909f56bfc062723c751e8b465ee728b)
Start importing Assets/Standard Assets/Vehicles/Car/Materials/SkyCarBodyWhite.mat using Guid(6ec41f7c0e0d3fb40933551a4124b211) Importer(815301076,1909f56bfc062723c751e8b465ee728b)  -> (artifact id: 'a8f96a038e6ebf82914d3feb5aa640ca') in 0.009197 seconds
  Import took 0.010922 seconds .

========================================================================
Received Import Request.
  Time since last request: 81.373276 seconds.
  path: Assets/Blender obdzekti/zgrada1.max
  artifactKey: Guid(ec89f962808b0cf4aadb45f0a116d2ee) Importer(815301076,1909f56bfc062723c751e8b465ee728b)
Start importing Assets/Blender obdzekti/zgrada1.max using Guid(ec89f962808b0cf4aadb45f0a116d2ee) Importer(815301076,1909f56bfc062723c751e8b465ee728b)  -> (artifact id: '80eb8b60085fc2d45d047a81417ec5b5') in 0.003477 seconds
  Import took 0.005317 seconds .

========================================================================
Received Import Request.
  Time since last request: 0.019756 seconds.
  path: Assets/Blender obdzekti/zgrada1.max
  artifactKey: Guid(ec89f962808b0cf4aadb45f0a116d2ee) Importer(815301076,1909f56bfc062723c751e8b465ee728b)
Start importing Assets/Blender obdzekti/zgrada1.max using Guid(ec89f962808b0cf4aadb45f0a116d2ee) Importer(815301076,1909f56bfc062723c751e8b465ee728b)  -> (artifact id: '80eb8b60085fc2d45d047a81417ec5b5') in 0.001805 seconds
  Import took 0.003632 seconds .

========================================================================
Received Import Request.
  Time since last request: 1124.105279 seconds.
  path: Assets/Blender obdzekti/pijaca.blend
  artifactKey: Guid(e431add1150ffc14f9fe150a1649e505) Importer(815301076,1909f56bfc062723c751e8b465ee728b)
Start importing Assets/Blender obdzekti/pijaca.blend using Guid(e431add1150ffc14f9fe150a1649e505) Importer(815301076,1909f56bfc062723c751e8b465ee728b)  -> (artifact id: 'f38cffbe8e5d013d437738cd61bb1630') in 0.136663 seconds
  Import took 0.139472 seconds .

========================================================================
Received Import Request.
  Time since last request: 0.000220 seconds.
  path: Assets/Blender obdzekti/restoran.blend
  artifactKey: Guid(cf7a70612f1ed754db962fdc6817f8e5) Importer(815301076,1909f56bfc062723c751e8b465ee728b)
Start importing Assets/Blender obdzekti/restoran.blend using Guid(cf7a70612f1ed754db962fdc6817f8e5) Importer(815301076,1909f56bfc062723c751e8b465ee728b)  -> (artifact id: '755fc9257c4c8160941e8b0ad8a5c23e') in 0.229241 seconds
  Import took 0.231924 seconds .

========================================================================
Received Prepare
Registering precompiled user dll's ...
Registered in 0.000752 seconds.
Begin MonoManager ReloadAssembly
Native extension for WindowsStandalone target not found
Refreshing native plugins compatible for Editor in 0.24 ms, found 0 plugins.
Preloading 0 native plugins for Editor in 0.00 ms.
Invoked RoslynAnalysisRunner static constructor.
RoslynAnalysisRunner will not be running.
RoslynAnalysisRunner has terminated.
Mono: successfully reloaded assembly
- Completed reload, in  0.831 seconds
Platform modules already initialized, skipping
Refreshing native plugins compatible for Editor in 0.20 ms, found 0 plugins.
Preloading 0 native plugins for Editor in 0.00 ms.
Unloading 1141 Unused Serialized files (Serialized files now loaded: 0)
System memory in use before: 74.9 MB.
System memory in use after: 75.0 MB.

Unloading 6 unused Assets to reduce memory usage. Loaded Objects now: 1695.
Total: 1.827100 ms (FindLiveObjects: 0.188400 ms CreateObjectMapping: 0.028400 ms MarkObjects: 1.531500 ms  DeleteObjects: 0.077700 ms)

========================================================================
Received Prepare
Registering precompiled user dll's ...
Registered in 0.000481 seconds.
Begin MonoManager ReloadAssembly
Native extension for WindowsStandalone target not found
Refreshing native plugins compatible for Editor in 0.19 ms, found 0 plugins.
Preloading 0 native plugins for Editor in 0.00 ms.
Invoked RoslynAnalysisRunner static constructor.
RoslynAnalysisRunner will not be running.
RoslynAnalysisRunner has terminated.
Mono: successfully reloaded assembly
- Completed reload, in  0.727 seconds
Platform modules already initialized, skipping
Refreshing native plugins compatible for Editor in 0.19 ms, found 0 plugins.
Preloading 0 native plugins for Editor in 0.00 ms.
Unloading 1141 Unused Serialized files (Serialized files now loaded: 0)
System memory in use before: 74.9 MB.
System memory in use after: 75.0 MB.

Unloading 5 unused Assets to reduce memory usage. Loaded Objects now: 1698.
Total: 1.570000 ms (FindLiveObjects: 0.147200 ms CreateObjectMapping: 0.028600 ms MarkObjects: 1.322200 ms  DeleteObjects: 0.070900 ms)

========================================================================
Received Import Request.
  Time since last request: 1146.511673 seconds.
  path: Assets/Blender obdzekti/skladiste.blend
  artifactKey: Guid(aa9738f6343623b449075521e837f45a) Importer(815301076,1909f56bfc062723c751e8b465ee728b)
Start importing Assets/Blender obdzekti/skladiste.blend using Guid(aa9738f6343623b449075521e837f45a) Importer(815301076,1909f56bfc062723c751e8b465ee728b)  -> (artifact id: 'b2fba52450207ec1ae16ee6be806fb36') in 0.154020 seconds
  Import took 0.156481 seconds .

========================================================================
Received Import Request.
  Time since last request: 0.000228 seconds.
  path: Assets/Blender obdzekti/viljuškar.blend
  artifactKey: Guid(0c717785f476e1f4e880a2eb86e11d43) Importer(815301076,1909f56bfc062723c751e8b465ee728b)
Start importing Assets/Blender obdzekti/viljuškar.blend using Guid(0c717785f476e1f4e880a2eb86e11d43) Importer(815301076,1909f56bfc062723c751e8b465ee728b)  -> (artifact id: 'f7bc45b1cc165e39c22557ff35436d6a') in 0.107811 seconds
  Import took 0.109646 seconds .

========================================================================
Received Prepare
Registering precompiled user dll's ...
Registered in 0.000754 seconds.
Begin MonoManager ReloadAssembly
Native extension for WindowsStandalone target not found
Refreshing native plugins compatible for Editor in 0.19 ms, found 0 plugins.
Preloading 0 native plugins for Editor in 0.00 ms.
Invoked RoslynAnalysisRunner static constructor.
RoslynAnalysisRunner will not be running.
RoslynAnalysisRunner has terminated.
Mono: successfully reloaded assembly
- Completed reload, in  0.714 seconds
Platform modules already initialized, skipping
Refreshing native plugins compatible for Editor in 0.20 ms, found 0 plugins.
Preloading 0 native plugins for Editor in 0.00 ms.
Unloading 1141 Unused Serialized files (Serialized files now loaded: 0)
System memory in use before: 75.0 MB.
System memory in use after: 75.0 MB.

Unloading 6 unused Assets to reduce memory usage. Loaded Objects now: 1702.
Total: 1.760700 ms (FindLiveObjects: 0.178200 ms CreateObjectMapping: 0.038800 ms MarkObjects: 1.465100 ms  DeleteObjects: 0.077500 ms)

========================================================================
Received Import Request.
  Time since last request: 307.239677 seconds.
  path: Assets/Blender obdzekti/skladište2.blend
  artifactKey: Guid(0fd8b27c7066d7f438271c109b5c8b81) Importer(815301076,1909f56bfc062723c751e8b465ee728b)
Start importing Assets/Blender obdzekti/skladište2.blend using Guid(0fd8b27c7066d7f438271c109b5c8b81) Importer(815301076,1909f56bfc062723c751e8b465ee728b)  -> (artifact id: '111f6ca2b51cb0487b03756dc729bfa5') in 0.363496 seconds
  Import took 0.365930 seconds .

========================================================================
Received Prepare
Registering precompiled user dll's ...
Registered in 0.000619 seconds.
Begin MonoManager ReloadAssembly
Native extension for WindowsStandalone target not found
Refreshing native plugins compatible for Editor in 0.19 ms, found 0 plugins.
Preloading 0 native plugins for Editor in 0.00 ms.
Invoked RoslynAnalysisRunner static constructor.
RoslynAnalysisRunner will not be running.
RoslynAnalysisRunner has terminated.
Mono: successfully reloaded assembly
- Completed reload, in  0.719 seconds
Platform modules already initialized, skipping
Refreshing native plugins compatible for Editor in 0.20 ms, found 0 plugins.
Preloading 0 native plugins for Editor in 0.00 ms.
Unloading 1141 Unused Serialized files (Serialized files now loaded: 0)
System memory in use before: 75.0 MB.
System memory in use after: 75.1 MB.

Unloading 5 unused Assets to reduce memory usage. Loaded Objects now: 1706.
Total: 1.488600 ms (FindLiveObjects: 0.150000 ms CreateObjectMapping: 0.026400 ms MarkObjects: 1.243900 ms  DeleteObjects: 0.067300 ms)

AssetImportWorkerClient::OnTransportError - code=2 error=End of file
